2021/08/23 20:01:49 [notice] 1#1: using the "epoll" event method
2021/08/23 20:01:49 [notice] 1#1: nginx/1.21.1
2021/08/23 20:01:49 [notice] 1#1: built by gcc 8.3.0 (Debian 8.3.0-6) 
2021/08/23 20:01:49 [notice] 1#1: OS: Linux 5.11.0-27-generic
2021/08/23 20:01:49 [notice] 1#1: getrlimit(RLIMIT_NOFILE): 1024:524288
2021/08/23 20:01:49 [notice] 1#1: start worker processes
2021/08/23 20:01:49 [notice] 1#1: start worker process 29
2021/08/23 20:01:49 [notice] 1#1: start worker process 30
2021/08/23 20:05:19 [notice] 1#1: signal 15 (SIGTERM) received, exiting
2021/08/23 20:05:19 [notice] 30#30: signal 15 (SIGTERM) received, exiting
2021/08/23 20:05:19 [notice] 30#30: exiting
2021/08/23 20:05:19 [notice] 30#30: exit
2021/08/23 20:05:19 [notice] 29#29: signal 15 (SIGTERM) received, exiting
2021/08/23 20:05:19 [notice] 29#29: exiting
2021/08/23 20:05:19 [notice] 29#29: exit
2021/08/23 20:05:19 [notice] 1#1: signal 14 (SIGALRM) received
2021/08/23 20:05:19 [notice] 1#1: signal 17 (SIGCHLD) received from 30
2021/08/23 20:05:19 [notice] 1#1: worker process 30 exited with code 0
2021/08/23 20:05:19 [notice] 1#1: signal 29 (SIGIO) received
2021/08/23 20:05:19 [notice] 1#1: signal 17 (SIGCHLD) received from 29
2021/08/23 20:05:19 [notice] 1#1: worker process 29 exited with code 0
2021/08/23 20:05:19 [notice] 1#1: exit
2021/08/23 20:16:15 [notice] 1#1: using the "epoll" event method
2021/08/23 20:16:15 [notice] 1#1: nginx/1.21.1
2021/08/23 20:16:15 [notice] 1#1: built by gcc 8.3.0 (Debian 8.3.0-6) 
2021/08/23 20:16:15 [notice] 1#1: OS: Linux 5.11.0-27-generic
2021/08/23 20:16:15 [notice] 1#1: getrlimit(RLIMIT_NOFILE): 1024:524288
2021/08/23 20:16:15 [notice] 1#1: start worker processes
2021/08/23 20:16:15 [notice] 1#1: start worker process 30
2021/08/23 20:16:15 [notice] 1#1: start worker process 31
2021/08/23 20:29:47 [notice] 30#30: signal 15 (SIGTERM) received, exiting
2021/08/23 20:29:47 [notice] 30#30: exiting
2021/08/23 20:29:47 [notice] 30#30: exit
2021/08/23 20:29:47 [notice] 31#31: signal 15 (SIGTERM) received, exiting
2021/08/23 20:29:47 [notice] 31#31: exiting
2021/08/23 20:29:47 [notice] 31#31: exit
2021/08/23 20:29:47 [notice] 1#1: signal 15 (SIGTERM) received, exiting
2021/08/23 20:29:47 [notice] 1#1: signal 17 (SIGCHLD) received from 30
2021/08/23 20:29:47 [notice] 1#1: worker process 30 exited with code 0
2021/08/23 20:29:47 [notice] 1#1: worker process 31 exited with code 0
2021/08/23 20:29:47 [notice] 1#1: exit
2021/08/23 20:34:36 [notice] 1#1: using the "epoll" event method
2021/08/23 20:34:36 [notice] 1#1: nginx/1.21.1
2021/08/23 20:34:36 [notice] 1#1: built by gcc 8.3.0 (Debian 8.3.0-6) 
2021/08/23 20:34:36 [notice] 1#1: OS: Linux 5.11.0-27-generic
2021/08/23 20:34:36 [notice] 1#1: getrlimit(RLIMIT_NOFILE): 1024:524288
2021/08/23 20:34:36 [notice] 1#1: start worker processes
2021/08/23 20:34:36 [notice] 1#1: start worker process 30
2021/08/23 20:34:36 [notice] 1#1: start worker process 31
2021/08/24 07:59:00 [notice] 1#1: using the "epoll" event method
2021/08/24 07:59:00 [notice] 1#1: nginx/1.21.1
2021/08/24 07:59:00 [notice] 1#1: built by gcc 8.3.0 (Debian 8.3.0-6) 
2021/08/24 07:59:00 [notice] 1#1: OS: Linux 5.10.16.3-microsoft-standard-WSL2
2021/08/24 07:59:00 [notice] 1#1: getrlimit(RLIMIT_NOFILE): 1048576:1048576
2021/08/24 07:59:00 [notice] 1#1: start worker processes
2021/08/24 07:59:00 [notice] 1#1: start worker process 31
2021/08/24 07:59:00 [notice] 1#1: start worker process 32
2021/08/24 07:59:00 [notice] 1#1: start worker process 33
2021/08/24 07:59:00 [notice] 1#1: start worker process 34
2021/08/24 08:06:54 [notice] 1#1: signal 3 (SIGQUIT) received, shutting down
2021/08/24 08:06:54 [notice] 31#31: gracefully shutting down
2021/08/24 08:06:54 [notice] 33#33: gracefully shutting down
2021/08/24 08:06:54 [notice] 34#34: gracefully shutting down
2021/08/24 08:06:54 [notice] 34#34: exiting
2021/08/24 08:06:54 [notice] 32#32: gracefully shutting down
2021/08/24 08:06:54 [notice] 32#32: exiting
2021/08/24 08:06:54 [notice] 31#31: exiting
2021/08/24 08:06:54 [notice] 33#33: exiting
2021/08/24 08:06:54 [notice] 34#34: exit
2021/08/24 08:06:54 [notice] 32#32: exit
2021/08/24 08:06:54 [notice] 31#31: exit
2021/08/24 08:06:54 [notice] 33#33: exit
2021/08/24 08:06:54 [notice] 1#1: signal 17 (SIGCHLD) received from 31
2021/08/24 08:06:54 [notice] 1#1: worker process 31 exited with code 0
2021/08/24 08:06:54 [notice] 1#1: signal 29 (SIGIO) received
2021/08/24 08:06:54 [notice] 1#1: signal 17 (SIGCHLD) received from 34
2021/08/24 08:06:54 [notice] 1#1: worker process 34 exited with code 0
2021/08/24 08:06:54 [notice] 1#1: signal 29 (SIGIO) received
2021/08/24 08:06:54 [notice] 1#1: signal 17 (SIGCHLD) received from 33
2021/08/24 08:06:54 [notice] 1#1: worker process 32 exited with code 0
2021/08/24 08:06:54 [notice] 1#1: worker process 33 exited with code 0
2021/08/24 08:06:54 [notice] 1#1: exit
2021/08/24 08:22:59 [notice] 1#1: using the "epoll" event method
2021/08/24 08:22:59 [notice] 1#1: nginx/1.21.1
2021/08/24 08:22:59 [notice] 1#1: built by gcc 8.3.0 (Debian 8.3.0-6) 
2021/08/24 08:22:59 [notice] 1#1: OS: Linux 5.10.16.3-microsoft-standard-WSL2
2021/08/24 08:22:59 [notice] 1#1: getrlimit(RLIMIT_NOFILE): 1048576:1048576
2021/08/24 08:22:59 [notice] 1#1: start worker processes
2021/08/24 08:22:59 [notice] 1#1: start worker process 33
2021/08/24 08:22:59 [notice] 1#1: start worker process 34
2021/08/24 08:22:59 [notice] 1#1: start worker process 35
2021/08/24 08:22:59 [notice] 1#1: start worker process 36
2021/08/24 08:50:49 [notice] 1#1: signal 3 (SIGQUIT) received, shutting down
2021/08/24 08:50:49 [notice] 34#34: gracefully shutting down
2021/08/24 08:50:49 [notice] 36#36: gracefully shutting down
2021/08/24 08:50:49 [notice] 35#35: gracefully shutting down
2021/08/24 08:50:49 [notice] 35#35: exiting
2021/08/24 08:50:49 [notice] 34#34: exiting
2021/08/24 08:50:49 [notice] 34#34: exit
2021/08/24 08:50:49 [notice] 33#33: gracefully shutting down
2021/08/24 08:50:49 [notice] 33#33: exiting
2021/08/24 08:50:49 [notice] 36#36: exiting
2021/08/24 08:50:49 [notice] 36#36: exit
2021/08/24 08:50:49 [notice] 35#35: exit
2021/08/24 08:50:49 [notice] 33#33: exit
2021/08/24 08:50:49 [notice] 1#1: signal 17 (SIGCHLD) received from 36
2021/08/24 08:50:49 [notice] 1#1: worker process 33 exited with code 0
2021/08/24 08:50:49 [notice] 1#1: worker process 34 exited with code 0
2021/08/24 08:50:49 [notice] 1#1: worker process 35 exited with code 0
2021/08/24 08:50:49 [notice] 1#1: worker process 36 exited with code 0
2021/08/24 08:50:49 [notice] 1#1: exit
2021/08/24 08:53:53 [notice] 1#1: using the "epoll" event method
2021/08/24 08:53:53 [notice] 1#1: nginx/1.21.1
2021/08/24 08:53:53 [notice] 1#1: built by gcc 8.3.0 (Debian 8.3.0-6) 
2021/08/24 08:53:53 [notice] 1#1: OS: Linux 5.10.16.3-microsoft-standard-WSL2
2021/08/24 08:53:53 [notice] 1#1: getrlimit(RLIMIT_NOFILE): 1048576:1048576
2021/08/24 08:53:53 [notice] 1#1: start worker processes
2021/08/24 08:53:53 [notice] 1#1: start worker process 31
2021/08/24 08:53:53 [notice] 1#1: start worker process 32
2021/08/24 08:53:53 [notice] 1#1: start worker process 33
2021/08/24 08:53:53 [notice] 1#1: start worker process 34
2021/08/24 08:55:57 [notice] 1#1: signal 3 (SIGQUIT) received, shutting down
2021/08/24 08:55:57 [notice] 31#31: gracefully shutting down
2021/08/24 08:55:57 [notice] 32#32: gracefully shutting down
2021/08/24 08:55:57 [notice] 32#32: exiting
2021/08/24 08:55:57 [notice] 33#33: gracefully shutting down
2021/08/24 08:55:57 [notice] 34#34: gracefully shutting down
2021/08/24 08:55:57 [notice] 31#31: exiting
2021/08/24 08:55:57 [notice] 32#32: exit
2021/08/24 08:55:57 [notice] 33#33: exiting
2021/08/24 08:55:57 [notice] 34#34: exiting
2021/08/24 08:55:57 [notice] 31#31: exit
2021/08/24 08:55:57 [notice] 33#33: exit
2021/08/24 08:55:57 [notice] 34#34: exit
2021/08/24 08:55:57 [notice] 1#1: signal 17 (SIGCHLD) received from 34
2021/08/24 08:55:57 [notice] 1#1: worker process 31 exited with code 0
2021/08/24 08:55:57 [notice] 1#1: worker process 34 exited with code 0
2021/08/24 08:55:57 [notice] 1#1: signal 29 (SIGIO) received
2021/08/24 08:55:57 [notice] 1#1: signal 17 (SIGCHLD) received from 32
2021/08/24 08:55:57 [notice] 1#1: worker process 32 exited with code 0
2021/08/24 08:55:57 [notice] 1#1: worker process 33 exited with code 0
2021/08/24 08:55:57 [notice] 1#1: exit
2021/08/24 08:57:39 [notice] 1#1: using the "epoll" event method
2021/08/24 08:57:39 [notice] 1#1: nginx/1.21.1
2021/08/24 08:57:39 [notice] 1#1: built by gcc 8.3.0 (Debian 8.3.0-6) 
2021/08/24 08:57:39 [notice] 1#1: OS: Linux 5.10.16.3-microsoft-standard-WSL2
2021/08/24 08:57:39 [notice] 1#1: getrlimit(RLIMIT_NOFILE): 1048576:1048576
2021/08/24 08:57:39 [notice] 1#1: start worker processes
2021/08/24 08:57:39 [notice] 1#1: start worker process 30
2021/08/24 08:57:39 [notice] 1#1: start worker process 31
2021/08/24 08:57:39 [notice] 1#1: start worker process 32
2021/08/24 08:57:39 [notice] 1#1: start worker process 33
2021/08/24 09:00:21 [notice] 1#1: signal 3 (SIGQUIT) received, shutting down
2021/08/24 09:00:21 [notice] 33#33: gracefully shutting down
2021/08/24 09:00:21 [notice] 30#30: gracefully shutting down
2021/08/24 09:00:21 [notice] 30#30: exiting
2021/08/24 09:00:21 [notice] 31#31: gracefully shutting down
2021/08/24 09:00:21 [notice] 32#32: gracefully shutting down
2021/08/24 09:00:21 [notice] 33#33: exiting
2021/08/24 09:00:21 [notice] 30#30: exit
2021/08/24 09:00:21 [notice] 31#31: exiting
2021/08/24 09:00:21 [notice] 32#32: exiting
2021/08/24 09:00:21 [notice] 33#33: exit
2021/08/24 09:00:21 [notice] 31#31: exit
2021/08/24 09:00:21 [notice] 32#32: exit
2021/08/24 09:00:21 [notice] 1#1: signal 17 (SIGCHLD) received from 33
2021/08/24 09:00:21 [notice] 1#1: worker process 30 exited with code 0
2021/08/24 09:00:21 [notice] 1#1: worker process 33 exited with code 0
2021/08/24 09:00:21 [notice] 1#1: signal 29 (SIGIO) received
2021/08/24 09:00:21 [notice] 1#1: signal 17 (SIGCHLD) received from 30
2021/08/24 09:00:21 [notice] 1#1: signal 17 (SIGCHLD) received from 32
2021/08/24 09:00:21 [notice] 1#1: worker process 31 exited with code 0
2021/08/24 09:00:21 [notice] 1#1: worker process 32 exited with code 0
2021/08/24 09:00:21 [notice] 1#1: exit
2021/08/24 09:02:16 [notice] 1#1: using the "epoll" event method
2021/08/24 09:02:16 [notice] 1#1: nginx/1.21.1
2021/08/24 09:02:16 [notice] 1#1: built by gcc 8.3.0 (Debian 8.3.0-6) 
2021/08/24 09:02:16 [notice] 1#1: OS: Linux 5.10.16.3-microsoft-standard-WSL2
2021/08/24 09:02:16 [notice] 1#1: getrlimit(RLIMIT_NOFILE): 1048576:1048576
2021/08/24 09:02:16 [notice] 1#1: start worker processes
2021/08/24 09:02:16 [notice] 1#1: start worker process 31
2021/08/24 09:02:16 [notice] 1#1: start worker process 32
2021/08/24 09:02:16 [notice] 1#1: start worker process 33
2021/08/24 09:02:16 [notice] 1#1: start worker process 34
2021/08/24 09:03:17 [notice] 1#1: signal 3 (SIGQUIT) received, shutting down
2021/08/24 09:03:17 [notice] 31#31: gracefully shutting down
2021/08/24 09:03:17 [notice] 33#33: gracefully shutting down
2021/08/24 09:03:17 [notice] 33#33: exiting
2021/08/24 09:03:17 [notice] 32#32: gracefully shutting down
2021/08/24 09:03:17 [notice] 32#32: exiting
2021/08/24 09:03:17 [notice] 34#34: gracefully shutting down
2021/08/24 09:03:17 [notice] 31#31: exiting
2021/08/24 09:03:17 [notice] 33#33: exit
2021/08/24 09:03:17 [notice] 32#32: exit
2021/08/24 09:03:17 [notice] 34#34: exiting
2021/08/24 09:03:17 [notice] 31#31: exit
2021/08/24 09:03:17 [notice] 34#34: exit
2021/08/24 09:03:17 [notice] 1#1: signal 17 (SIGCHLD) received from 32
2021/08/24 09:03:17 [notice] 1#1: worker process 32 exited with code 0
2021/08/24 09:03:17 [notice] 1#1: worker process 31 exited with code 0
2021/08/24 09:03:17 [notice] 1#1: worker process 33 exited with code 0
2021/08/24 09:03:17 [notice] 1#1: worker process 34 exited with code 0
2021/08/24 09:03:17 [notice] 1#1: exit
2021/08/24 09:06:33 [notice] 1#1: using the "epoll" event method
2021/08/24 09:06:33 [notice] 1#1: nginx/1.21.1
2021/08/24 09:06:33 [notice] 1#1: built by gcc 8.3.0 (Debian 8.3.0-6) 
2021/08/24 09:06:33 [notice] 1#1: OS: Linux 5.10.16.3-microsoft-standard-WSL2
2021/08/24 09:06:33 [notice] 1#1: getrlimit(RLIMIT_NOFILE): 1048576:1048576
2021/08/24 09:06:33 [notice] 1#1: start worker processes
2021/08/24 09:06:33 [notice] 1#1: start worker process 32
2021/08/24 09:06:33 [notice] 1#1: start worker process 33
2021/08/24 09:06:33 [notice] 1#1: start worker process 34
2021/08/24 09:06:33 [notice] 1#1: start worker process 35
2021/08/24 09:13:13 [notice] 1#1: signal 3 (SIGQUIT) received, shutting down
2021/08/24 09:13:13 [notice] 33#33: gracefully shutting down
2021/08/24 09:13:13 [notice] 32#32: gracefully shutting down
2021/08/24 09:13:13 [notice] 32#32: exiting
2021/08/24 09:13:13 [notice] 32#32: exit
2021/08/24 09:13:13 [notice] 34#34: gracefully shutting down
2021/08/24 09:13:13 [notice] 34#34: exiting
2021/08/24 09:13:13 [notice] 35#35: gracefully shutting down
2021/08/24 09:13:13 [notice] 35#35: exiting
2021/08/24 09:13:13 [notice] 33#33: exiting
2021/08/24 09:13:13 [notice] 33#33: exit
2021/08/24 09:13:13 [notice] 34#34: exit
2021/08/24 09:13:13 [notice] 35#35: exit
2021/08/24 09:13:14 [notice] 1#1: signal 17 (SIGCHLD) received from 33
2021/08/24 09:13:14 [notice] 1#1: worker process 32 exited with code 0
2021/08/24 09:13:14 [notice] 1#1: worker process 33 exited with code 0
2021/08/24 09:13:14 [notice] 1#1: worker process 34 exited with code 0
2021/08/24 09:13:14 [notice] 1#1: worker process 35 exited with code 0
2021/08/24 09:13:14 [notice] 1#1: exit
2021/08/24 11:07:21 [notice] 1#1: using the "epoll" event method
2021/08/24 11:07:21 [notice] 1#1: nginx/1.21.1
2021/08/24 11:07:21 [notice] 1#1: built by gcc 8.3.0 (Debian 8.3.0-6) 
2021/08/24 11:07:21 [notice] 1#1: OS: Linux 5.10.16.3-microsoft-standard-WSL2
2021/08/24 11:07:21 [notice] 1#1: getrlimit(RLIMIT_NOFILE): 1048576:1048576
2021/08/24 11:07:21 [notice] 1#1: start worker processes
2021/08/24 11:07:21 [notice] 1#1: start worker process 31
2021/08/24 11:07:21 [notice] 1#1: start worker process 32
2021/08/24 11:07:21 [notice] 1#1: start worker process 33
2021/08/24 11:07:21 [notice] 1#1: start worker process 34
2021/08/24 11:16:20 [notice] 1#1: signal 3 (SIGQUIT) received, shutting down
2021/08/24 11:16:20 [notice] 31#31: gracefully shutting down
2021/08/24 11:16:20 [notice] 32#32: gracefully shutting down
2021/08/24 11:16:20 [notice] 32#32: exiting
2021/08/24 11:16:20 [notice] 33#33: gracefully shutting down
2021/08/24 11:16:20 [notice] 34#34: gracefully shutting down
2021/08/24 11:16:20 [notice] 34#34: exiting
2021/08/24 11:16:20 [notice] 31#31: exiting
2021/08/24 11:16:20 [notice] 32#32: exit
2021/08/24 11:16:20 [notice] 33#33: exiting
2021/08/24 11:16:20 [notice] 34#34: exit
2021/08/24 11:16:20 [notice] 31#31: exit
2021/08/24 11:16:20 [notice] 33#33: exit
2021/08/24 11:16:21 [notice] 1#1: signal 17 (SIGCHLD) received from 34
2021/08/24 11:16:21 [notice] 1#1: worker process 34 exited with code 0
2021/08/24 11:16:21 [notice] 1#1: signal 29 (SIGIO) received
2021/08/24 11:16:21 [notice] 1#1: signal 17 (SIGCHLD) received from 32
2021/08/24 11:16:21 [notice] 1#1: worker process 32 exited with code 0
2021/08/24 11:16:21 [notice] 1#1: signal 29 (SIGIO) received
2021/08/24 11:16:21 [notice] 1#1: signal 17 (SIGCHLD) received from 33
2021/08/24 11:16:21 [notice] 1#1: worker process 33 exited with code 0
2021/08/24 11:16:21 [notice] 1#1: signal 29 (SIGIO) received
2021/08/24 11:16:21 [notice] 1#1: signal 17 (SIGCHLD) received from 31
2021/08/24 11:16:21 [notice] 1#1: worker process 31 exited with code 0
2021/08/24 11:16:21 [notice] 1#1: exit
2021/08/24 11:26:56 [notice] 1#1: using the "epoll" event method
2021/08/24 11:26:56 [notice] 1#1: nginx/1.21.1
2021/08/24 11:26:56 [notice] 1#1: built by gcc 8.3.0 (Debian 8.3.0-6) 
2021/08/24 11:26:56 [notice] 1#1: OS: Linux 5.10.16.3-microsoft-standard-WSL2
2021/08/24 11:26:56 [notice] 1#1: getrlimit(RLIMIT_NOFILE): 1048576:1048576
2021/08/24 11:26:56 [notice] 1#1: start worker processes
2021/08/24 11:26:56 [notice] 1#1: start worker process 30
2021/08/24 11:26:56 [notice] 1#1: start worker process 31
2021/08/24 11:26:56 [notice] 1#1: start worker process 32
2021/08/24 11:26:56 [notice] 1#1: start worker process 33
2021/08/24 11:50:51 [notice] 1#1: signal 3 (SIGQUIT) received, shutting down
2021/08/24 11:50:51 [notice] 30#30: gracefully shutting down
2021/08/24 11:50:51 [notice] 32#32: gracefully shutting down
2021/08/24 11:50:51 [notice] 31#31: gracefully shutting down
2021/08/24 11:50:51 [notice] 33#33: gracefully shutting down
2021/08/24 11:50:51 [notice] 30#30: exiting
2021/08/24 11:50:51 [notice] 32#32: exiting
2021/08/24 11:50:51 [notice] 31#31: exiting
2021/08/24 11:50:51 [notice] 33#33: exiting
2021/08/24 11:50:51 [notice] 30#30: exit
2021/08/24 11:50:51 [notice] 32#32: exit
2021/08/24 11:50:51 [notice] 31#31: exit
2021/08/24 11:50:51 [notice] 33#33: exit
2021/08/24 11:50:51 [notice] 1#1: signal 17 (SIGCHLD) received from 33
2021/08/24 11:50:51 [notice] 1#1: worker process 30 exited with code 0
2021/08/24 11:50:51 [notice] 1#1: worker process 31 exited with code 0
2021/08/24 11:50:51 [notice] 1#1: worker process 32 exited with code 0
2021/08/24 11:50:51 [notice] 1#1: worker process 33 exited with code 0
2021/08/24 11:50:51 [notice] 1#1: exit
2021/08/24 11:57:02 [notice] 1#1: using the "epoll" event method
2021/08/24 11:57:02 [notice] 1#1: nginx/1.21.1
2021/08/24 11:57:02 [notice] 1#1: built by gcc 8.3.0 (Debian 8.3.0-6) 
2021/08/24 11:57:02 [notice] 1#1: OS: Linux 5.10.16.3-microsoft-standard-WSL2
2021/08/24 11:57:02 [notice] 1#1: getrlimit(RLIMIT_NOFILE): 1048576:1048576
2021/08/24 11:57:02 [notice] 1#1: start worker processes
2021/08/24 11:57:02 [notice] 1#1: start worker process 30
2021/08/24 11:57:02 [notice] 1#1: start worker process 31
2021/08/24 11:57:02 [notice] 1#1: start worker process 32
2021/08/24 11:57:02 [notice] 1#1: start worker process 33
2021/08/24 11:58:04 [notice] 1#1: signal 3 (SIGQUIT) received, shutting down
2021/08/24 11:58:04 [notice] 31#31: gracefully shutting down
2021/08/24 11:58:04 [notice] 30#30: gracefully shutting down
2021/08/24 11:58:04 [notice] 30#30: exiting
2021/08/24 11:58:04 [notice] 33#33: gracefully shutting down
2021/08/24 11:58:04 [notice] 33#33: exiting
2021/08/24 11:58:04 [notice] 32#32: gracefully shutting down
2021/08/24 11:58:04 [notice] 32#32: exiting
2021/08/24 11:58:04 [notice] 32#32: exit
2021/08/24 11:58:04 [notice] 30#30: exit
2021/08/24 11:58:04 [notice] 33#33: exit
2021/08/24 11:58:04 [notice] 1#1: signal 17 (SIGCHLD) received from 32
2021/08/24 11:58:04 [notice] 1#1: worker process 32 exited with code 0
2021/08/24 11:58:04 [notice] 1#1: signal 29 (SIGIO) received
2021/08/24 11:58:04 [notice] 1#1: signal 17 (SIGCHLD) received from 30
2021/08/24 11:58:04 [notice] 1#1: worker process 30 exited with code 0
2021/08/24 11:58:04 [notice] 1#1: worker process 33 exited with code 0
2021/08/24 11:58:04 [notice] 1#1: signal 29 (SIGIO) received
2021/08/24 11:58:13 [notice] 1#1: signal 3 (SIGQUIT) received, shutting down
